\o Program:		@(#)$CDS: libManager version 6.1.8 - CAT37 06/02/2021 23:23 (sjfdcl1073) $
\o Sub version:		sub-version  s195 
\o Arguments:		-mpssession virtuoso43514 -mpshost ecegrid-thin4.ecn.purdue.edu 
\o Working Directory:	ecegrid-thin4.ecn.purdue.edu:/home/ecegrid/a/559mg23/vlsi_assignment/sram_6t
\o 64-bit offsets
\o Qt version: 		5.9.1
\o Log file is "/home/ecegrid/a/559mg23/vlsi_assignment/sram_6t/libManager.log".
\o Opening libManager window.
\a nrSetCurrentWindow(cdsLibManager)
\o Loading customization file "/package/eda/cells/ncsu-cdk-1.6.0.beta/cdssetup/cdsLibMgr.il"
\o Loading NCSU Library Manager customizations...done.
\a nrResizeWindow(cdsLibManager list(192 94 1152 561))
\o changeWorkingDir("/home/ecegrid/a/559mg23/vlsi_assignment/sram_6t") unnecessary.
\o ddSetForcedLib("") unnecessary.
\o MPS service: map window
\o Library Manager customization server connected.
\a nrResizeWindow(cdsLibManager list(0 28 1536 698))
\a cdsLibManager->libListBox->value = "sram_6t"
\a cdsLibManager->libLineEdit->value = "sram_6t"
\a cdsLibManager->cellListBox->value = "8t_sram_array"
\a cdsLibManager->cellLineEdit->value = "8t_sram_array"
\a cdsLibManager->cellLineEdit->value = ""
\a cdsLibManager->cellListBox->value = nil
\a cdsLibManager->cellListBox->value = "8t_sram_array"
\a cdsLibManager->cellLineEdit->value = "8t_sram_array"
\o MPS request: edit design
\a nrListItemAction(cdsLibManager->cellListBox 0 0)
\a cdsLibManager->libListBox->value = nil
\a cdsLibManager->libLineEdit->value = ""
\a cdsLibManager->cellLineEdit->value = ""
\a cdsLibManager->cellListBox->value = nil
\a cdsLibManager->libListBox->value = "sram_6t"
\a cdsLibManager->libLineEdit->value = "sram_6t"
\a cdsLibManager->cellListBox->value = "8t_sram_array"
\a cdsLibManager->cellLineEdit->value = "8t_sram_array"
\a nrSetCurrentWindow(cdsLibManager)
\a cdsLibManager->libListBox->value = nil
\a cdsLibManager->libLineEdit->value = ""
\a cdsLibManager->cellListBox->value = nil
\a cdsLibManager->cellLineEdit->value = ""
\a cdsLibManager->libListBox->value = "sram_6t"
\a cdsLibManager->libLineEdit->value = "sram_6t"
\a cdsLibManager->cellListBox->value = "8t_sram_array"
\a cdsLibManager->cellLineEdit->value = "8t_sram_array"
\a cdsLibManager->libListBox->value = nil
\a cdsLibManager->libLineEdit->value = ""
\a cdsLibManager->cellListBox->value = nil
\a cdsLibManager->cellLineEdit->value = ""
\a cdsLibManager->libListBox->value = "sram_6t"
\a cdsLibManager->libLineEdit->value = "sram_6t"
\a cdsLibManager->cellListBox->value = "8t_sram_array"
\a cdsLibManager->cellLineEdit->value = "8t_sram_array"
\a nrSetCurrentWindow(cdsLibManager)
\a cdsLibManager->libListBox->value = nil
\a cdsLibManager->libLineEdit->value = ""
\a cdsLibManager->cellListBox->value = nil
\a cdsLibManager->cellLineEdit->value = ""
\a cdsLibManager->libListBox->value = "sram_6t"
\a cdsLibManager->libLineEdit->value = "sram_6t"
\a cdsLibManager->cellListBox->value = "8t_sram_array"
\a cdsLibManager->cellLineEdit->value = "8t_sram_array"
\a nrSetCurrentWindow(cdsLibManager)
\a cdsLibManager->cellLineEdit->value = ""
\a cdsLibManager->cellListBox->value = nil
\a cdsLibManager->cellListBox->value = "8t_sram_array"
\a cdsLibManager->cellLineEdit->value = "8t_sram_array"
\o MPS request: edit design
\a nrListItemAction(cdsLibManager->cellListBox 0 0)
\a cdsLibManager->libListBox->value = nil
\a cdsLibManager->libLineEdit->value = ""
\a cdsLibManager->cellLineEdit->value = ""
\a cdsLibManager->cellListBox->value = nil
\a cdsLibManager->libListBox->value = "sram_6t"
\a cdsLibManager->libLineEdit->value = "sram_6t"
\a cdsLibManager->cellListBox->value = "8t_sram_array"
\a cdsLibManager->cellLineEdit->value = "8t_sram_array"
\a nrSetCurrentWindow(cdsLibManager)
\a nrSetCurrentWindow(cdsLibManager)
\a nrSetCurrentWindow(cdsLibManager)
\a cdsLibManager->viewListBox->value = "schematic"
\a cdsLibManager->viewLineEdit->value = "schematic"
\o MPS request: edit design
\a nrListItemAction(cdsLibManager->gdmXTView 1 0)
\a nrSetCurrentWindow(cdsLibManager)
\a nrSetCurrentWindow(cdsLibManager)
\a nrSetCurrentWindow(cdsLibManager)
\a cdsLibManager->cellListBox->value = "sram_cell_8t_array"
\a cdsLibManager->cellLineEdit->value = "sram_cell_8t_array"
\a cdsLibManager->viewLineEdit->value = ""
\a cdsLibManager->viewListBox->value = nil
\a cdsLibManager->viewListBox->value = "schematic"
\a cdsLibManager->viewLineEdit->value = "schematic"
\a cdsLibManager->viewListBox->value = "symbol"
\a cdsLibManager->viewLineEdit->value = "symbol"
\o MPS request: edit design
\a nrListItemAction(cdsLibManager->gdmXTView 9 1)
\a nrSetCurrentWindow(cdsLibManager)
\a cdsLibManager->viewListBox->value = "schematic"
\a cdsLibManager->viewLineEdit->value = "schematic"
\o MPS request: edit design
\a nrListItemAction(cdsLibManager->gdmXTView 0 0)
\a nrSetCurrentWindow(cdsLibManager)
\a nrSetCurrentWindow(cdsLibManager)
\a cdsLibManager->cellListBox->value = "sram_cell_8t_ckt_layout_simulation"
\a cdsLibManager->cellLineEdit->value = "sram_cell_8t_ckt_layout_simulation"
\a cdsLibManager->viewLineEdit->value = ""
\a cdsLibManager->viewListBox->value = nil
\a cdsLibManager->viewListBox->value = "schematic"
\a cdsLibManager->viewLineEdit->value = "schematic"
\a cdsLibManager->cellLineEdit->value = ""
\a cdsLibManager->cellListBox->value = nil
\a cdsLibManager->viewLineEdit->value = ""
\a cdsLibManager->viewListBox->value = nil
\a cdsLibManager->cellListBox->value = "sram_cell_8t_ckt_layout_simulation"
\a cdsLibManager->cellLineEdit->value = "sram_cell_8t_ckt_layout_simulation"
\a cdsLibManager->viewListBox->value = "schematic"
\a cdsLibManager->viewLineEdit->value = "schematic"
\a cdsLibManager->viewListBox->value = nil
\a cdsLibManager->viewLineEdit->value = ""
\a cdsLibManager->cellListBox->value = "sram_cell_8t_ckt_layout"
\a cdsLibManager->cellLineEdit->value = "sram_cell_8t_ckt_layout"
\a cdsLibManager->viewListBox->value = "schematic"
\a cdsLibManager->viewLineEdit->value = "schematic"
\a cdsLibManager->viewListBox->value = nil
\a cdsLibManager->viewLineEdit->value = ""
\a cdsLibManager->viewListBox->value = "schematic"
\a cdsLibManager->viewLineEdit->value = "schematic"
\o MPS request: edit design
\a nrListItemAction(cdsLibManager->gdmXTView 2 0)
\a nrSetCurrentWindow(cdsLibManager)
\a nrSetCurrentWindow(cdsLibManager)
\a nrSetCurrentWindow(cdsLibManager)
\a nrSetCurrentWindow(cdsLibManager)
\a nrSetCurrentWindow(cdsLibManager)
\a cdsLibManager->cellListBox->value = "8t_sram_array"
\a cdsLibManager->cellLineEdit->value = "8t_sram_array"
\a cdsLibManager->viewLineEdit->value = ""
\a cdsLibManager->viewListBox->value = nil
\a cdsLibManager->viewListBox->value = "schematic"
\a cdsLibManager->viewLineEdit->value = "schematic"
\a cdsLibManager->viewLineEdit->value = ""
\a cdsLibManager->viewListBox->value = nil
\o MPS request: edit design
\a nrListItemAction(cdsLibManager->cellListBox 0 0)
\a cdsLibManager->libListBox->value = nil
\a cdsLibManager->libLineEdit->value = ""
\a cdsLibManager->cellLineEdit->value = ""
\a cdsLibManager->cellListBox->value = nil
\a cdsLibManager->libListBox->value = "sram_6t"
\a cdsLibManager->libLineEdit->value = "sram_6t"
\a cdsLibManager->cellListBox->value = "8t_sram_array"
\a cdsLibManager->cellLineEdit->value = "8t_sram_array"
\a cdsLibManager->viewListBox->value = "schematic"
\a cdsLibManager->viewLineEdit->value = "schematic"
\a cdsLibManager->viewLineEdit->value = ""
\a cdsLibManager->viewListBox->value = nil
\a cdsLibManager->viewListBox->value = "schematic"
\a cdsLibManager->viewLineEdit->value = "schematic"
\a cdsLibManager->viewListBox->value = nil
\a cdsLibManager->viewLineEdit->value = ""
\a cdsLibManager->viewListBox->value = "schematic"
\a cdsLibManager->viewLineEdit->value = "schematic"
\o MPS request: edit design
\a nrListItemAction(cdsLibManager->gdmXTView 1 0)
\a nrSetCurrentWindow(cdsLibManager)
\a nrSetCurrentWindow(cdsLibManager)
\a cdsLibManager->cellListBox->value = "sram_cell_8t_array"
\a cdsLibManager->cellLineEdit->value = "sram_cell_8t_array"
\a cdsLibManager->viewLineEdit->value = ""
\a cdsLibManager->viewListBox->value = nil
\a cdsLibManager->viewListBox->value = "schematic"
\a cdsLibManager->viewLineEdit->value = "schematic"
\a cdsLibManager->viewListBox->value = nil
\a cdsLibManager->viewLineEdit->value = ""
\a cdsLibManager->viewListBox->value = "schematic"
\a cdsLibManager->viewLineEdit->value = "schematic"
\o MPS request: edit design
\a nrListItemAction(cdsLibManager->gdmXTView 0 0)
\a nrSetCurrentWindow(cdsLibManager)
\a nrSetCurrentWindow(cdsLibManager)
\a cdsLibManager->cellLineEdit->value = ""
\a cdsLibManager->cellListBox->value = nil
\a cdsLibManager->viewLineEdit->value = ""
\a cdsLibManager->viewListBox->value = nil
\a cdsLibManager->cellListBox->value = "sram_cell_8t_array"
\a cdsLibManager->cellLineEdit->value = "sram_cell_8t_array"
\a cdsLibManager->viewListBox->value = "schematic"
\a cdsLibManager->viewLineEdit->value = "schematic"
\a cdsLibManager->viewLineEdit->value = ""
\a cdsLibManager->viewListBox->value = nil
\o MPS request: edit design
\a nrListItemAction(cdsLibManager->cellListBox 9 0)
\a cdsLibManager->cellListBox->value = "sram_cell_8t_ckt_layout"
\a cdsLibManager->cellLineEdit->value = "sram_cell_8t_ckt_layout"
\a cdsLibManager->viewListBox->value = "schematic"
\a cdsLibManager->viewLineEdit->value = "schematic"
\a cdsLibManager->cellListBox->value = "sram_cell_8t_array"
\a cdsLibManager->cellLineEdit->value = "sram_cell_8t_array"
\a cdsLibManager->viewLineEdit->value = ""
\a cdsLibManager->viewListBox->value = nil
\a cdsLibManager->viewListBox->value = "schematic"
\a cdsLibManager->viewLineEdit->value = "schematic"
\a nrSetCurrentWindow(cdsLibManager)
\a cdsLibManager->viewListBox->value = nil
\a cdsLibManager->viewLineEdit->value = ""
\a cdsLibManager->viewListBox->value = "schematic"
\a cdsLibManager->viewLineEdit->value = "schematic"
\o MPS request: edit design
\a nrListItemAction(cdsLibManager->gdmXTView 0 0)
\a nrSetCurrentWindow(cdsLibManager)
\a nrSetCurrentWindow(cdsLibManager)
\a nrSetCurrentWindow(cdsLibManager)
\a nrSetCurrentWindow(cdsLibManager)
\a nrSetCurrentWindow(cdsLibManager)
\a cdsLibManager->cellLineEdit->value = ""
\a cdsLibManager->cellListBox->value = nil
\a cdsLibManager->viewLineEdit->value = ""
\a cdsLibManager->viewListBox->value = nil
\a cdsLibManager->cellListBox->value = "sram_cell_8t_array"
\a cdsLibManager->cellLineEdit->value = "sram_cell_8t_array"
\a cdsLibManager->viewListBox->value = "schematic"
\a cdsLibManager->viewLineEdit->value = "schematic"
\a cdsLibManager->viewLineEdit->value = ""
\a cdsLibManager->viewListBox->value = nil
\o MPS request: edit design
\a nrListItemAction(cdsLibManager->cellListBox 9 0)
\a cdsLibManager->cellListBox->value = "sram_cell_8t_ckt_layout"
\a cdsLibManager->cellLineEdit->value = "sram_cell_8t_ckt_layout"
\a cdsLibManager->viewListBox->value = "schematic"
\a cdsLibManager->viewLineEdit->value = "schematic"
\a cdsLibManager->cellListBox->value = "sram_cell_8t_array"
\a cdsLibManager->cellLineEdit->value = "sram_cell_8t_array"
\a cdsLibManager->viewLineEdit->value = ""
\a cdsLibManager->viewListBox->value = nil
\a cdsLibManager->viewListBox->value = "schematic"
\a cdsLibManager->viewLineEdit->value = "schematic"
\a nrSetCurrentWindow(cdsLibManager)
\a nrSetCurrentWindow(cdsLibManager)
\a cdsLibManager->cellLineEdit->value = ""
\a cdsLibManager->cellListBox->value = nil
\a cdsLibManager->viewLineEdit->value = ""
\a cdsLibManager->viewListBox->value = nil
\a cdsLibManager->cellListBox->value = "sram_cell_8t_array"
\a cdsLibManager->cellLineEdit->value = "sram_cell_8t_array"
\a cdsLibManager->viewListBox->value = "schematic"
\a cdsLibManager->viewLineEdit->value = "schematic"
\a cdsLibManager->viewLineEdit->value = ""
\a cdsLibManager->viewListBox->value = nil
\o MPS request: edit design
\a nrListItemAction(cdsLibManager->cellListBox 9 0)
\a cdsLibManager->libListBox->value = nil
\a cdsLibManager->libLineEdit->value = ""
\a cdsLibManager->cellLineEdit->value = ""
\a cdsLibManager->cellListBox->value = nil
\a cdsLibManager->libListBox->value = "sram_6t"
\a cdsLibManager->libLineEdit->value = "sram_6t"
\a cdsLibManager->cellListBox->value = "sram_cell_8t_array"
\a cdsLibManager->cellLineEdit->value = "sram_cell_8t_array"
\a cdsLibManager->viewListBox->value = "schematic"
\a cdsLibManager->viewLineEdit->value = "schematic"
\a cdsLibManager->viewLineEdit->value = ""
\a cdsLibManager->viewListBox->value = nil
\a cdsLibManager->viewListBox->value = "schematic"
\a cdsLibManager->viewLineEdit->value = "schematic"
\a nrSetCurrentWindow(cdsLibManager)
\a nrSetCurrentWindow(cdsLibManager)
\a nrSetCurrentWindow(cdsLibManager)
\a cdsLibManager->viewListBox->value = "symbol"
\a cdsLibManager->viewLineEdit->value = "symbol"
\o MPS request: edit design
\a nrListItemAction(cdsLibManager->gdmXTView 9 0)
\a nrSetCurrentWindow(cdsLibManager)
\a cdsLibManager->viewListBox->value = "schematic"
\a cdsLibManager->viewLineEdit->value = "schematic"
\o MPS request: edit design
\a nrListItemAction(cdsLibManager->gdmXTView 0 0)
\a nrSetCurrentWindow(cdsLibManager)
\a cdsLibManager->cellListBox->value = "sram_cell_8t_ckt_layout"
\a cdsLibManager->cellLineEdit->value = "sram_cell_8t_ckt_layout"
\a cdsLibManager->viewLineEdit->value = ""
\a cdsLibManager->viewListBox->value = nil
\a cdsLibManager->viewListBox->value = "schematic"
\a cdsLibManager->viewLineEdit->value = "schematic"
\a cdsLibManager->viewLineEdit->value = ""
\a cdsLibManager->viewListBox->value = nil
\o MPS request: edit design
\a nrListItemAction(cdsLibManager->cellListBox 11 0)
\a cdsLibManager->libListBox->value = nil
\a cdsLibManager->libLineEdit->value = ""
\a cdsLibManager->cellLineEdit->value = ""
\a cdsLibManager->cellListBox->value = nil
\a cdsLibManager->libListBox->value = "sram_6t"
\a cdsLibManager->libLineEdit->value = "sram_6t"
\a cdsLibManager->cellListBox->value = "sram_cell_8t_ckt_layout"
\a cdsLibManager->cellLineEdit->value = "sram_cell_8t_ckt_layout"
\a cdsLibManager->viewListBox->value = "schematic"
\a cdsLibManager->viewLineEdit->value = "schematic"
\a cdsLibManager->viewLineEdit->value = ""
\a cdsLibManager->viewListBox->value = nil
\a cdsLibManager->viewListBox->value = "schematic"
\a cdsLibManager->viewLineEdit->value = "schematic"
\a cdsLibManager->cellListBox->value = "8t_sram_array"
\a cdsLibManager->cellLineEdit->value = "8t_sram_array"
\a cdsLibManager->viewLineEdit->value = ""
\a cdsLibManager->viewListBox->value = nil
\a cdsLibManager->viewListBox->value = "schematic"
\a cdsLibManager->viewLineEdit->value = "schematic"
\a cdsLibManager->cellListBox->value = "sram_cell_8t_ckt_layout_simulation"
\a cdsLibManager->cellLineEdit->value = "sram_cell_8t_ckt_layout_simulation"
\a cdsLibManager->viewLineEdit->value = ""
\a cdsLibManager->viewListBox->value = nil
\a cdsLibManager->viewListBox->value = "schematic"
\a cdsLibManager->viewLineEdit->value = "schematic"
\a cdsLibManager->cellListBox->value = "sram_cell_8t_ckt_layout"
\a cdsLibManager->cellLineEdit->value = "sram_cell_8t_ckt_layout"
\a cdsLibManager->viewLineEdit->value = ""
\a cdsLibManager->viewListBox->value = nil
\a cdsLibManager->viewListBox->value = "schematic"
\a cdsLibManager->viewLineEdit->value = "schematic"
\a cdsLibManager->cellLineEdit->value = ""
\a cdsLibManager->cellListBox->value = nil
\a cdsLibManager->viewLineEdit->value = ""
\a cdsLibManager->viewListBox->value = nil
\a cdsLibManager->cellListBox->value = "sram_cell_8t_ckt_layout"
\a cdsLibManager->cellLineEdit->value = "sram_cell_8t_ckt_layout"
\a cdsLibManager->viewListBox->value = "schematic"
\a cdsLibManager->viewLineEdit->value = "schematic"
\a cdsLibManager->viewLineEdit->value = ""
\a cdsLibManager->viewListBox->value = nil
\o MPS request: edit design
\a nrListItemAction(cdsLibManager->cellListBox 11 0)
\a nrSetCurrentWindow(cdsLibManager)
\a nrSetCurrentWindow(cdsLibManager)
\a nrSetCurrentWindow(cdsLibManager)
\a cdsLibManager->viewListBox->value = "layout"
\a cdsLibManager->viewLineEdit->value = "layout"
\o MPS request: edit design
\a nrListItemAction(cdsLibManager->gdmXTView 1 0)
\a nrSetCurrentWindow(cdsLibManager)
\a nrSetCurrentWindow(cdsLibManager)
\a nrSetCurrentWindow(cdsLibManager)
\a nrSetCurrentWindow(cdsLibManager)
\a cdsLibManager->viewLineEdit->value = ""
\a cdsLibManager->viewListBox->value = nil
\a lmgrLogShowPopup("mainListPopup1" 69 197 2 "sram_cell_8t_ckt_layout")
\a cdsLibManager->copySimpleButton->value = t
\a copyCellForm->SkipLibrariesEdit->value = "*"
\a copyCellForm->SkipLibrariesEdit->value = "*"
\a copyCellForm->CopyFromLibrary->value = "NCSU_Analog_Parts"
\a copyCellForm->CopyToLibrary->value = "NCSU_Analog_Parts"
\a copyCellForm->CopyFromLibrary->value = "sram_6t"
\a copyCellForm->CopyFromCell->value = "sram_cell_8t_ckt_layout"
\a copyCellForm->CopyToLibrary->value = "sram_6t"
\a copyCellForm->CopyToCell->value = "sram_cell_8t_ckt_layout"
\a copyCellForm->ViewsToCopy->value = "extracted layout schematic spectre_sram_8t_read spectre_sram_8t_write spectre_state_read1 spectre_state_read2 spectre_state_write1 spectre_state_write2 spectre_state_write3 spectre_state_write_8t symbol"
\a copyCellForm->SkipLibrariesEdit->value = ""
\a copyCellForm->SkipLibrariesEdit->value = "NCSU_Analog_Parts NCSU_Digital_Parts NCSU_TechLib_ami06 NCSU_TechLib_ami16 NCSU_TechLib_hp06 NCSU_TechLib_tsmc02 NCSU_TechLib_tsmc02d NCSU_TechLib_tsmc03 NCSU_TechLib_tsmc03d NCSU_TechLib_tsmc04_4M2P analogLib basic cdsDefTechLib"
\a nrSetWindowVisibility(copyCellForm "show")
\a nrSetCurrentWindow(copyCellForm)
\a nrResizeWindow(copyCellForm list(500 28 516 659))
\a copyCellForm->CopyToCell->value = "sram_cell_8t_ckt_layout_working_actual"
\a copyCellForm->OK->value = t
\o Beginning simple copy to library "sram_6t".
\o Processing files to be copied...
\a nrSetWindowVisibility(workingDialogForm "show")
\a nrSetCurrentWindow(workingDialogForm)
\a nrSetCurrentWindow(cdsLibManager)
\a nrSetCurrentWindow(workingDialogForm)
\a nrResizeWindow(copyCellForm list(500 -9 516 659))
\a nrResizeWindow(workingDialogForm list(622 308 273 133))
\a workingDialogForm->Close->value = t
\a nrSetCurrentWindow(cdsLibManager)
\a nrResizeWindow(workingDialogForm list(622 271 273 133))
\o Batching session updates...
\o Copy succeeded.
\a cdsLibManager->libListBox->value = nil
\a cdsLibManager->libLineEdit->value = ""
\a cdsLibManager->cellLineEdit->value = ""
\a cdsLibManager->cellListBox->value = nil
\a cdsLibManager->libListBox->value = "sram_6t"
\a cdsLibManager->libLineEdit->value = "sram_6t"
\a cdsLibManager->cellListBox->value = "sram_cell_8t_ckt_layout"
\a cdsLibManager->cellLineEdit->value = "sram_cell_8t_ckt_layout"
\a cdsLibManager->viewListBox->value = "layout"
\a cdsLibManager->viewLineEdit->value = "layout"
\a cdsLibManager->viewLineEdit->value = ""
\a cdsLibManager->viewListBox->value = nil
\a cdsLibManager->viewListBox->value = "layout"
\a cdsLibManager->viewLineEdit->value = "layout"
\a cdsLibManager->viewLineEdit->value = ""
\a cdsLibManager->viewListBox->value = nil
\a copyCellForm->SkipLibrariesEdit->value = "*"
\a cdsLibManager->cellListBox->value = "sram_cell_8t_array"
\a cdsLibManager->cellLineEdit->value = "sram_cell_8t_array"
\a cdsLibManager->cellListBox->value = "sram_cell_8t_ckt_layout"
\a cdsLibManager->cellLineEdit->value = "sram_cell_8t_ckt_layout"
\a cdsLibManager->viewListBox->value = "layout"
\a cdsLibManager->viewLineEdit->value = "layout"
\a cdsLibManager->viewListBox->value = "schematic"
\a cdsLibManager->viewLineEdit->value = "schematic"
\a lmgrLogShowPopup("mainListPopup2" 93 43 2 "schematic")
\a cdsLibManager->copySimpleButton->value = t
\a copyViewForm->SkipLibrariesEdit->value = "*"
\a copyViewForm->SkipLibrariesEdit->value = "*"
\a copyViewForm->CopyFromLibrary->value = "NCSU_Analog_Parts"
\a copyViewForm->CopyToLibrary->value = "NCSU_Analog_Parts"
\a copyViewForm->CopyFromLibrary->value = "sram_6t"
\a copyViewForm->CopyFromCell->value = "sram_cell_8t_ckt_layout"
\a copyViewForm->CopyFromView->value = "schematic"
\a copyViewForm->CopyToLibrary->value = "sram_6t"
\a copyViewForm->CopyToCell->value = "sram_cell_8t_ckt_layout"
\a copyViewForm->CopyToView->value = "schematic"
\a copyViewForm->ViewsToCopy->value = "schematic"
\a copyViewForm->SkipLibrariesEdit->value = ""
\a copyViewForm->SkipLibrariesEdit->value = "NCSU_Analog_Parts NCSU_Digital_Parts NCSU_TechLib_ami06 NCSU_TechLib_ami16 NCSU_TechLib_hp06 NCSU_TechLib_tsmc02 NCSU_TechLib_tsmc02d NCSU_TechLib_tsmc03 NCSU_TechLib_tsmc03d NCSU_TechLib_tsmc04_4M2P analogLib basic cdsDefTechLib"
\a nrSetWindowVisibility(copyViewForm "show")
\a nrSetCurrentWindow(copyViewForm)
\a nrResizeWindow(copyViewForm list(500 28 516 671))
\a nrSetCurrentWindow(cdsLibManager)
\a nrResizeWindow(copyViewForm list(500 -9 516 671))
\a lmgrLogShowPopup("mainListPopup2" 22 51 2 "schematic")
\a cdsLibManager->cellListBox->value = "sram_cell_8t_array"
\a cdsLibManager->cellLineEdit->value = "sram_cell_8t_array"
\a cdsLibManager->viewLineEdit->value = ""
\a cdsLibManager->viewListBox->value = nil
\a cdsLibManager->viewListBox->value = "schematic"
\a cdsLibManager->viewLineEdit->value = "schematic"
\a lmgrLogShowPopup("mainListPopup2" 69 14 2 "schematic")
\a cdsLibManager->cellListBox->value = "sram_cell_8t_ckt_layout_working_actual"
\a cdsLibManager->cellLineEdit->value = "sram_cell_8t_ckt_layout_working_actual"
\a cdsLibManager->viewLineEdit->value = ""
\a cdsLibManager->viewListBox->value = nil
\a cdsLibManager->viewListBox->value = "schematic"
\a cdsLibManager->viewLineEdit->value = "schematic"
\a cdsLibManager->cellListBox->value = "sram_cell_8t_ckt_layout_simulation"
\a cdsLibManager->cellLineEdit->value = "sram_cell_8t_ckt_layout_simulation"
\a cdsLibManager->viewLineEdit->value = ""
\a cdsLibManager->viewListBox->value = nil
\a cdsLibManager->viewListBox->value = "schematic"
\a cdsLibManager->viewLineEdit->value = "schematic"
\a cdsLibManager->cellListBox->value = "sram_cell_8t_ckt_layout"
\a cdsLibManager->cellLineEdit->value = "sram_cell_8t_ckt_layout"
\a cdsLibManager->viewLineEdit->value = ""
\a cdsLibManager->viewListBox->value = nil
\a cdsLibManager->viewListBox->value = "schematic"
\a cdsLibManager->viewLineEdit->value = "schematic"
\a cdsLibManager->cellListBox->value = "sram_cell_8t_ckt_layout_working_actual"
\a cdsLibManager->cellLineEdit->value = "sram_cell_8t_ckt_layout_working_actual"
\a cdsLibManager->viewLineEdit->value = ""
\a cdsLibManager->viewListBox->value = nil
\a cdsLibManager->viewListBox->value = "schematic"
\a cdsLibManager->viewLineEdit->value = "schematic"
\a cdsLibManager->cellListBox->value = "sram_cell_8t_array"
\a cdsLibManager->cellLineEdit->value = "sram_cell_8t_array"
\a cdsLibManager->viewLineEdit->value = ""
\a cdsLibManager->viewListBox->value = nil
\a cdsLibManager->viewListBox->value = "schematic"
\a cdsLibManager->viewLineEdit->value = "schematic"
\a cdsLibManager->viewLineEdit->value = ""
\a cdsLibManager->viewListBox->value = nil
\a lmgrLogShowPopup("mainListPopup1" 68 162 2 "sram_cell_8t_array")
\a cdsLibManager->copySimpleButton->value = t
\a copyCellForm->SkipLibrariesEdit->value = "*"
\a copyCellForm->ViewsToCopy->value = ""
\a copyCellForm->CopyFromCell->value = ""
\a copyCellForm->CopyToCell->value = ""
\a copyCellForm->CopyFromLibrary->value = ""
\a copyCellForm->CopyToLibrary->value = ""
\a copyCellForm->CopyFromLibrary->value = "NCSU_Analog_Parts"
\a copyCellForm->CopyToLibrary->value = "NCSU_Analog_Parts"
\a copyCellForm->CopyFromLibrary->value = "sram_6t"
\a copyCellForm->CopyFromCell->value = "sram_cell_8t_array"
\a copyCellForm->CopyToLibrary->value = "sram_6t"
\a copyCellForm->CopyToCell->value = "sram_cell_8t_array"
\a copyCellForm->ViewsToCopy->value = "schematic spectre_sram_8t_read spectre_sram_8t_write spectre_state_read1 spectre_state_read2 spectre_state_write1 spectre_state_write2 spectre_state_write3 spectre_state_write_8t symbol"
\a copyCellForm->SkipLibrariesEdit->value = ""
\a copyCellForm->SkipLibrariesEdit->value = "NCSU_Analog_Parts NCSU_Digital_Parts NCSU_TechLib_ami06 NCSU_TechLib_ami16 NCSU_TechLib_hp06 NCSU_TechLib_tsmc02 NCSU_TechLib_tsmc02d NCSU_TechLib_tsmc03 NCSU_TechLib_tsmc03d NCSU_TechLib_tsmc04_4M2P analogLib basic cdsDefTechLib"
\a nrSetCurrentWindow(copyCellForm)
\a nrResizeWindow(copyCellForm list(500 28 516 659))
\a copyCellForm->CopyToCell->value = "sram_cell_8t_array_copy"
\a copyCellForm->OK->value = t
\o Beginning simple copy to library "sram_6t".
\o Processing files to be copied...
\a nrSetCurrentWindow(workingDialogForm)
\a nrSetCurrentWindow(cdsLibManager)
\a nrSetCurrentWindow(workingDialogForm)
\a nrResizeWindow(copyCellForm list(500 -9 516 659))
\a nrResizeWindow(workingDialogForm list(622 308 273 133))
\a workingDialogForm->Close->value = t
\a nrSetCurrentWindow(cdsLibManager)
\a nrResizeWindow(workingDialogForm list(622 271 273 133))
\o Batching session updates...
\o Copy succeeded.
\a cdsLibManager->libListBox->value = nil
\a cdsLibManager->libLineEdit->value = ""
\a cdsLibManager->cellLineEdit->value = ""
\a cdsLibManager->cellListBox->value = nil
\a cdsLibManager->libListBox->value = "sram_6t"
\a cdsLibManager->libLineEdit->value = "sram_6t"
\a cdsLibManager->cellListBox->value = "sram_cell_8t_array"
\a cdsLibManager->cellLineEdit->value = "sram_cell_8t_array"
\a cdsLibManager->viewListBox->value = "schematic"
\a cdsLibManager->viewLineEdit->value = "schematic"
\a cdsLibManager->viewLineEdit->value = ""
\a cdsLibManager->viewListBox->value = nil
\a cdsLibManager->viewListBox->value = "schematic"
\a cdsLibManager->viewLineEdit->value = "schematic"
\a cdsLibManager->viewLineEdit->value = ""
\a cdsLibManager->viewListBox->value = nil
\a copyCellForm->SkipLibrariesEdit->value = "*"
\a cdsLibManager->cellLineEdit->value = ""
\a cdsLibManager->cellListBox->value = nil
\a cdsLibManager->cellListBox->value = "sram_cell_8t_array"
\a cdsLibManager->cellLineEdit->value = "sram_cell_8t_array"
\a cdsLibManager->viewListBox->value = "schematic"
\a cdsLibManager->viewLineEdit->value = "schematic"
\a cdsLibManager->viewListBox->value = "spectre_sram_8t_read"
\a cdsLibManager->viewLineEdit->value = "spectre_sram_8t_read"
\a cdsLibManager->viewListBox->value = "schematic"
\a cdsLibManager->viewLineEdit->value = "schematic"
\a cdsLibManager->viewListBox->value = nil
\a cdsLibManager->viewLineEdit->value = ""
\a cdsLibManager->viewListBox->value = "schematic"
\a cdsLibManager->viewLineEdit->value = "schematic"
\a lmgrLogShowPopup("mainListPopup2" 117 16 2 "schematic")
\a cdsLibManager->cellListBox->value = "sram_cell_8t_ckt_layout"
\a cdsLibManager->cellLineEdit->value = "sram_cell_8t_ckt_layout"
\a cdsLibManager->viewLineEdit->value = ""
\a cdsLibManager->viewListBox->value = nil
\a cdsLibManager->viewListBox->value = "schematic"
\a cdsLibManager->viewLineEdit->value = "schematic"
\a cdsLibManager->viewListBox->value = nil
\a cdsLibManager->viewLineEdit->value = ""
\a cdsLibManager->viewListBox->value = "schematic"
\a cdsLibManager->viewLineEdit->value = "schematic"
\o MPS request: edit design
\a nrListItemAction(cdsLibManager->gdmXTView 2 0)
\a nrSetCurrentWindow(cdsLibManager)
\a cdsLibManager->cellListBox->value = "sram_cell_8t_array"
\a cdsLibManager->cellLineEdit->value = "sram_cell_8t_array"
\a cdsLibManager->viewLineEdit->value = ""
\a cdsLibManager->viewListBox->value = nil
\a cdsLibManager->viewListBox->value = "schematic"
\a cdsLibManager->viewLineEdit->value = "schematic"
\a lmgrLogShowPopup("mainListPopup2" 75 12 2 "schematic")
\a cdsLibManager->cellListBox->value = "sram_cell_8t_ckt_layout"
\a cdsLibManager->cellLineEdit->value = "sram_cell_8t_ckt_layout"
\a cdsLibManager->viewLineEdit->value = ""
\a cdsLibManager->viewListBox->value = nil
\a cdsLibManager->viewListBox->value = "schematic"
\a cdsLibManager->viewLineEdit->value = "schematic"
\a lmgrLogShowPopup("mainListPopup2" 136 43 2 "schematic")
\a cdsLibManager->copySimpleButton->value = t
\a copyViewForm->SkipLibrariesEdit->value = "*"
\a copyViewForm->ViewsToCopy->value = ""
\a copyViewForm->CopyFromCell->value = ""
\a copyViewForm->CopyFromView->value = ""
\a copyViewForm->CopyToCell->value = ""
\a copyViewForm->CopyToView->value = ""
\a copyViewForm->CopyFromLibrary->value = ""
\a copyViewForm->CopyToLibrary->value = ""
\a copyViewForm->CopyFromLibrary->value = "NCSU_Analog_Parts"
\a copyViewForm->CopyToLibrary->value = "NCSU_Analog_Parts"
\a copyViewForm->CopyFromLibrary->value = "sram_6t"
\a copyViewForm->CopyFromCell->value = "sram_cell_8t_ckt_layout"
\a copyViewForm->CopyFromView->value = "schematic"
\a copyViewForm->CopyToLibrary->value = "sram_6t"
\a copyViewForm->CopyToCell->value = "sram_cell_8t_ckt_layout"
\a copyViewForm->CopyToView->value = "schematic"
\a copyViewForm->ViewsToCopy->value = "schematic"
\a copyViewForm->SkipLibrariesEdit->value = ""
\a copyViewForm->SkipLibrariesEdit->value = "NCSU_Analog_Parts NCSU_Digital_Parts NCSU_TechLib_ami06 NCSU_TechLib_ami16 NCSU_TechLib_hp06 NCSU_TechLib_tsmc02 NCSU_TechLib_tsmc02d NCSU_TechLib_tsmc03 NCSU_TechLib_tsmc03d NCSU_TechLib_tsmc04_4M2P analogLib basic cdsDefTechLib"
\a nrSetCurrentWindow(copyViewForm)
\a nrResizeWindow(copyViewForm list(500 28 516 671))
\a nrResizeWindow(copyViewForm list(968 202 516 671))
\a nrSetCurrentWindow(copyViewForm)
\a nrResizeWindow(copyViewForm list(919 164 516 671))
\a copyViewForm->CopyToCell->value = "sram_cell_8t_array"
\a nrSetCurrentWindow(copyViewForm)
\a nrResizeWindow(copyViewForm list(920 28 516 671))
\a copyViewForm->OK->value = t
\o Beginning simple copy to library "sram_6t".
\o Processing files to be copied...
\o ERROR (CLM-173): One or more of the following problems have occurred:\n      1. The source file does not exist.\n      2. A destination file will be overwritten.\n      3. A destination file is checked out.\n      4. A destination file is opened for edit.\n      5. A destination file conflicts with another.\n      6. A source library file is not valid in a different library.\n      7. A source OpenAccess cellview master file has zero size.
\a nrSetWindowVisibility(copyProblemsDialog "show")
\a nrSetCurrentWindow(copyProblemsDialog)
\a nrResizeWindow(workingDialogForm list(630 271 273 133))
\a nrResizeWindow(copyProblemsDialog list(711 143 825 441))
\a copyViewForm->SkipLibrariesEdit->value = "*"
\a nrSetCurrentWindow(copyViewForm)
\a nrResizeWindow(copyProblemsDialog list(711 106 825 441))
\a nrResizeWindow(copyViewForm list(659 465 516 671))
\a nrSetCurrentWindow(copyViewForm)
\a nrResizeWindow(copyViewForm list(657 461 516 671))
\a nrSetCurrentWindow(cdsLibManager)
\a cdsLibManager->cellListBox->value = "sram_cell_8t_array"
\a cdsLibManager->cellLineEdit->value = "sram_cell_8t_array"
\a cdsLibManager->viewLineEdit->value = ""
\a cdsLibManager->viewListBox->value = nil
\a cdsLibManager->viewListBox->value = "schematic"
\a cdsLibManager->viewLineEdit->value = "schematic"
\a lmgrLogShowPopup("mainListPopup2" 105 11 2 "schematic")
\a cdsLibManager->editDeleteButton->value = t
\a deleteForm->deleteFilterEdit->value = "*"
\a deleteForm->notDeleteFilterEdit->value = "*"
\a nrSetWindowVisibility(deleteForm "show")
\a nrSetCurrentWindow(deleteForm)
\a nrResizeWindow(deleteForm list(445 162 627 425))
\a deleteForm->deleteListBox->value = '("schematic" )
\a deleteForm->OK->value = t
\o QUESTION (CLM-199): The following 1 items are marked for deletion.  Are you sure?
\a nrSetWindowVisibility(mcMBXDLG "show")
\a nrSetCurrentWindow(mcMBXDLG)
\a nrResizeWindow(mcMBXDLG list(624 292 268 91))
\a mcMBXDLG->pushButton1->value = t
\o Deleting view "schematic" from cell "sram_cell_8t_array" in library "sram_6t".
\a nrSetCurrentWindow(cdsLibManager)
\a nrSetCurrentWindow(workingDialogForm)
\a nrResizeWindow(workingDialogForm list(622 308 273 133))
\a nrResizeWindow(deleteForm list(445 88 627 425))
\o Deleted cellview 'sram_6t/sram_cell_8t_array/schematic'.
\o Deletion of 1 view done.
\a cdsLibManager->viewLineEdit->value = "spectre_sram_8t_read"
\a cdsLibManager->viewListBox->value = nil
\a cdsLibManager->viewLineEdit->value = ""
\a nrSetCurrentWindow(cdsLibManager)
\a cdsLibManager->libListBox->value = nil
\a cdsLibManager->libLineEdit->value = ""
\a cdsLibManager->cellListBox->value = nil
\a cdsLibManager->cellLineEdit->value = ""
\a cdsLibManager->libListBox->value = "sram_6t"
\a cdsLibManager->libLineEdit->value = "sram_6t"
\a cdsLibManager->cellListBox->value = "sram_cell_8t_array"
\a cdsLibManager->cellLineEdit->value = "sram_cell_8t_array"
\a nrResizeWindow(workingDialogForm list(622 271 273 133))
\a nrSetCurrentWindow(copyViewForm)
\a nrResizeWindow(copyViewForm list(832 28 516 671))
\a nrSetCurrentWindow(copyViewForm)
\a nrResizeWindow(copyViewForm list(849 28 516 671))
\a copyViewForm->OK->value = t
\o Beginning simple copy to library "sram_6t".
\o Processing files to be copied...
\a nrSetCurrentWindow(copyProblemsDialog)
\a nrResizeWindow(workingDialogForm list(624 271 273 133))
\a nrResizeWindow(copyProblemsDialog list(695 143 825 441))
\a copyViewForm->SkipLibrariesEdit->value = "*"
\a nrSetCurrentWindow(copyViewForm)
\a nrResizeWindow(copyProblemsDialog list(695 106 825 441))
\a nrSetCurrentWindow(cdsLibManager)
\a nrResizeWindow(copyViewForm list(849 -9 516 671))
\a cdsLibManager->cellListBox->value = "sram_cell_8t_ckt_layout"
\a cdsLibManager->cellLineEdit->value = "sram_cell_8t_ckt_layout"
\a cdsLibManager->viewListBox->value = "schematic"
\a cdsLibManager->viewLineEdit->value = "schematic"
\a lmgrLogShowPopup("mainListPopup2" 91 47 2 "schematic")
\a cdsLibManager->copySimpleButton->value = t
\a copyViewForm->SkipLibrariesEdit->value = "*"
\a copyViewForm->ViewsToCopy->value = ""
\a copyViewForm->CopyFromCell->value = ""
\a copyViewForm->CopyFromView->value = ""
\a copyViewForm->CopyToCell->value = ""
\a copyViewForm->CopyToView->value = ""
\a copyViewForm->CopyFromLibrary->value = ""
\a copyViewForm->CopyToLibrary->value = ""
\a copyViewForm->CopyFromLibrary->value = "NCSU_Analog_Parts"
\a copyViewForm->CopyToLibrary->value = "NCSU_Analog_Parts"
\a copyViewForm->CopyFromLibrary->value = "sram_6t"
\a copyViewForm->CopyFromCell->value = "sram_cell_8t_ckt_layout"
\a copyViewForm->CopyFromView->value = "schematic"
\a copyViewForm->CopyToLibrary->value = "sram_6t"
\a copyViewForm->CopyToCell->value = "sram_cell_8t_ckt_layout"
\a copyViewForm->CopyToView->value = "schematic"
\a copyViewForm->ViewsToCopy->value = "schematic"
\a copyViewForm->SkipLibrariesEdit->value = ""
\a copyViewForm->SkipLibrariesEdit->value = "NCSU_Analog_Parts NCSU_Digital_Parts NCSU_TechLib_ami06 NCSU_TechLib_ami16 NCSU_TechLib_hp06 NCSU_TechLib_tsmc02 NCSU_TechLib_tsmc02d NCSU_TechLib_tsmc03 NCSU_TechLib_tsmc03d NCSU_TechLib_tsmc04_4M2P analogLib basic cdsDefTechLib"
\a nrSetCurrentWindow(copyViewForm)
\a nrResizeWindow(copyViewForm list(849 28 516 671))
\a nrSetCurrentWindow(cdsLibManager)
\a cdsLibManager->cellListBox->value = "sram_cell_8t"
\a cdsLibManager->cellLineEdit->value = "sram_cell_8t"
\a cdsLibManager->viewLineEdit->value = ""
\a cdsLibManager->viewListBox->value = nil
\a cdsLibManager->viewListBox->value = "schematic"
\a cdsLibManager->viewLineEdit->value = "schematic"
\a cdsLibManager->cellListBox->value = "sram_cell_8t_array"
\a cdsLibManager->cellLineEdit->value = "sram_cell_8t_array"
\a cdsLibManager->viewLineEdit->value = ""
\a cdsLibManager->viewListBox->value = nil
\a nrSetCurrentWindow(copyViewForm)
\a copyViewForm->CopyToCell->value = "sram_cell_8t_array"
\a copyViewForm->OK->value = t
\o Beginning simple copy to library "sram_6t".
\o Processing files to be copied...
\a nrSetCurrentWindow(copyProblemsDialog)
\a nrResizeWindow(workingDialogForm list(622 271 273 133))
\a nrResizeWindow(copyProblemsDialog list(695 143 825 441))
\a nrSetCurrentWindow(copyProblemsDialog)
\a copyViewForm->SkipLibrariesEdit->value = "*"
\a nrSetCurrentWindow(copyViewForm)
\a nrResizeWindow(copyProblemsDialog list(695 106 825 441))
\a copyViewForm->OK->value = t
\o Beginning simple copy to library "sram_6t".
\o Processing files to be copied...
\a nrSetCurrentWindow(copyProblemsDialog)
\a nrResizeWindow(workingDialogForm list(622 271 273 133))
\a nrResizeWindow(copyProblemsDialog list(695 143 825 441))
\a copyViewForm->SkipLibrariesEdit->value = "*"
\a nrSetCurrentWindow(copyViewForm)
\a nrResizeWindow(copyProblemsDialog list(695 106 825 441))
\a nrSetCurrentWindow(cdsLibManager)
\a nrResizeWindow(copyViewForm list(849 -9 516 671))
\a nrSetCurrentWindow(cdsLibManager)
\a nrSetCurrentWindow(cdsLibManager)
\a nrSetCurrentWindow(cdsLibManager)
\a nrSetCurrentWindow(cdsLibManager)
\a nrSetCurrentWindow(cdsLibManager)
\a cdsLibManager->cellLineEdit->value = ""
\a cdsLibManager->cellListBox->value = nil
\a cdsLibManager->cellListBox->value = "sram_cell_8t_array"
\a cdsLibManager->cellLineEdit->value = "sram_cell_8t_array"
\a cdsLibManager->cellListBox->value = "sram_cell_8t_ckt_layout"
\a cdsLibManager->cellLineEdit->value = "sram_cell_8t_ckt_layout"
\a cdsLibManager->viewListBox->value = "schematic"
\a cdsLibManager->viewLineEdit->value = "schematic"
\a lmgrLogShowPopup("mainListPopup2" 122 43 2 "schematic")
\a cdsLibManager->copySimpleButton->value = t
\a copyViewForm->SkipLibrariesEdit->value = "*"
\a copyViewForm->ViewsToCopy->value = ""
\a copyViewForm->CopyFromCell->value = ""
\a copyViewForm->CopyFromView->value = ""
\a copyViewForm->CopyToCell->value = ""
\a copyViewForm->CopyToView->value = ""
\a copyViewForm->CopyFromLibrary->value = ""
\a copyViewForm->CopyToLibrary->value = ""
\a copyViewForm->CopyFromLibrary->value = "NCSU_Analog_Parts"
\a copyViewForm->CopyToLibrary->value = "NCSU_Analog_Parts"
\a copyViewForm->CopyFromLibrary->value = "sram_6t"
\a copyViewForm->CopyFromCell->value = "sram_cell_8t_ckt_layout"
\a copyViewForm->CopyFromView->value = "schematic"
\a copyViewForm->CopyToLibrary->value = "sram_6t"
\a copyViewForm->CopyToCell->value = "sram_cell_8t_ckt_layout"
\a copyViewForm->CopyToView->value = "schematic"
\a copyViewForm->ViewsToCopy->value = "schematic"
\a copyViewForm->SkipLibrariesEdit->value = ""
\a copyViewForm->SkipLibrariesEdit->value = "NCSU_Analog_Parts NCSU_Digital_Parts NCSU_TechLib_ami06 NCSU_TechLib_ami16 NCSU_TechLib_hp06 NCSU_TechLib_tsmc02 NCSU_TechLib_tsmc02d NCSU_TechLib_tsmc03 NCSU_TechLib_tsmc03d NCSU_TechLib_tsmc04_4M2P analogLib basic cdsDefTechLib"
\a nrSetCurrentWindow(copyViewForm)
\a nrResizeWindow(copyViewForm list(849 28 516 671))
\a copyViewForm->CopyToCell->value = "sram_cell_8t_array"
\a copyViewForm->OK->value = t
\o Beginning simple copy to library "sram_6t".
\o Processing files to be copied...
\a nrSetCurrentWindow(copyProblemsDialog)
\a nrResizeWindow(workingDialogForm list(622 271 273 133))
\a nrResizeWindow(copyProblemsDialog list(695 143 825 441))
\a copyProblemsDialog->overwriteAll->value = t
\a copyProblemsDialog->OK->value = t
\a nrSetCurrentWindow(copyViewForm)
\a nrSetCurrentWindow(cdsLibManager)
\a nrSetCurrentWindow(workingDialogForm)
\a nrResizeWindow(copyProblemsDialog list(695 106 825 441))
\a nrResizeWindow(workingDialogForm list(622 308 273 133))
\a nrResizeWindow(copyViewForm list(849 -9 516 671))
\o Copy succeeded.
\a cdsLibManager->libListBox->value = nil
\a cdsLibManager->libLineEdit->value = ""
\a cdsLibManager->cellListBox->value = nil
\a cdsLibManager->viewLineEdit->value = ""
\a cdsLibManager->viewListBox->value = nil
\a cdsLibManager->cellLineEdit->value = ""
\a cdsLibManager->libListBox->value = "sram_6t"
\a cdsLibManager->libLineEdit->value = "sram_6t"
\a cdsLibManager->cellListBox->value = "sram_cell_8t_ckt_layout"
\a cdsLibManager->cellLineEdit->value = "sram_cell_8t_ckt_layout"
\a cdsLibManager->viewListBox->value = "schematic"
\a cdsLibManager->viewLineEdit->value = "schematic"
\a cdsLibManager->viewLineEdit->value = ""
\a cdsLibManager->viewListBox->value = nil
\a cdsLibManager->viewListBox->value = "schematic"
\a cdsLibManager->viewLineEdit->value = "schematic"
\a nrSetCurrentWindow(cdsLibManager)
\a copyViewForm->SkipLibrariesEdit->value = "*"
\a nrResizeWindow(workingDialogForm list(622 271 273 133))
\a cdsLibManager->cellListBox->value = "sram_cell_8t_array"
\a cdsLibManager->cellLineEdit->value = "sram_cell_8t_array"
\a cdsLibManager->viewLineEdit->value = ""
\a cdsLibManager->viewListBox->value = nil
\a cdsLibManager->viewListBox->value = "schematic"
\a cdsLibManager->viewLineEdit->value = "schematic"
\a cdsLibManager->viewListBox->value = nil
\a cdsLibManager->viewLineEdit->value = ""
\a cdsLibManager->viewListBox->value = "schematic"
\a cdsLibManager->viewLineEdit->value = "schematic"
\o MPS request: edit design
\a nrListItemAction(cdsLibManager->gdmXTView 0 0)
\a nrSetCurrentWindow(cdsLibManager)
\a cdsLibManager->viewListBox->value = "symbol"
\a cdsLibManager->viewLineEdit->value = "symbol"
\o MPS request: edit design
\a nrListItemAction(cdsLibManager->gdmXTView 9 0)
\a nrSetCurrentWindow(cdsLibManager)
\a cdsLibManager->cellListBox->value = "sram_6t_noise_margin_fin"
\a cdsLibManager->cellLineEdit->value = "sram_6t_noise_margin_fin"
\a cdsLibManager->viewLineEdit->value = ""
\a cdsLibManager->viewListBox->value = nil
\a cdsLibManager->cellListBox->value = "8t_sram_array"
\a cdsLibManager->cellLineEdit->value = "8t_sram_array"
\a nrSetCurrentWindow(cdsLibManager)
\a nrSetCurrentWindow(cdsLibManager)
\a cdsLibManager->viewListBox->value = "schematic"
\a cdsLibManager->viewLineEdit->value = "schematic"
\o MPS request: edit design
\a nrListItemAction(cdsLibManager->gdmXTView 1 0)
\a nrSetCurrentWindow(cdsLibManager)
\a nrSetCurrentWindow(cdsLibManager)
\a nrSetCurrentWindow(cdsLibManager)
\a nrSetCurrentWindow(cdsLibManager)
\a cdsLibManager->cellListBox->value = "sram_cell_8t_array"
\a cdsLibManager->cellLineEdit->value = "sram_cell_8t_array"
\a cdsLibManager->viewLineEdit->value = ""
\a cdsLibManager->viewListBox->value = nil
\a cdsLibManager->viewListBox->value = "schematic"
\a cdsLibManager->viewLineEdit->value = "schematic"
\a nrSetCurrentWindow(cdsLibManager)
\a cdsLibManager->viewListBox->value = nil
\a cdsLibManager->viewLineEdit->value = ""
\a cdsLibManager->viewListBox->value = "schematic"
\a cdsLibManager->viewLineEdit->value = "schematic"
\o MPS request: edit design
\a nrListItemAction(cdsLibManager->gdmXTView 0 0)
\a nrSetCurrentWindow(cdsLibManager)
\a cdsLibManager->viewListBox->value = nil
\a cdsLibManager->viewLineEdit->value = ""
\a cdsLibManager->viewListBox->value = "schematic"
\a cdsLibManager->viewLineEdit->value = "schematic"
\o MPS request: edit design
\a nrListItemAction(cdsLibManager->gdmXTView 0 0)
\a nrSetCurrentWindow(cdsLibManager)
\a nrSetCurrentWindow(cdsLibManager)
\a cdsLibManager->viewListBox->value = nil
\a cdsLibManager->viewLineEdit->value = ""
\a cdsLibManager->viewListBox->value = "schematic"
\a cdsLibManager->viewLineEdit->value = "schematic"
\o MPS request: edit design
\a nrListItemAction(cdsLibManager->gdmXTView 0 0)
\a nrSetCurrentWindow(cdsLibManager)
\a cdsLibManager->cellListBox->value = "8t_sram_array"
\a cdsLibManager->cellLineEdit->value = "8t_sram_array"
\a cdsLibManager->viewLineEdit->value = ""
\a cdsLibManager->viewListBox->value = nil
\a cdsLibManager->viewListBox->value = "schematic"
\a cdsLibManager->viewLineEdit->value = "schematic"
\a cdsLibManager->viewListBox->value = nil
\a cdsLibManager->viewLineEdit->value = ""
\a cdsLibManager->viewListBox->value = "schematic"
\a cdsLibManager->viewLineEdit->value = "schematic"
\o MPS request: edit design
\a nrListItemAction(cdsLibManager->gdmXTView 1 0)
\a nrSetCurrentWindow(cdsLibManager)
\a nrSetCurrentWindow(cdsLibManager)
\a nrSetCurrentWindow(cdsLibManager)
\a nrSetCurrentWindow(cdsLibManager)
\a nrSetCurrentWindow(cdsLibManager)
\a nrSetCurrentWindow(cdsLibManager)
\a nrSetCurrentWindow(cdsLibManager)
\a cdsLibManager->cellListBox->value = "sram_cell_8t_array"
\a cdsLibManager->cellLineEdit->value = "sram_cell_8t_array"
\a cdsLibManager->viewLineEdit->value = ""
\a cdsLibManager->viewListBox->value = nil
\a cdsLibManager->viewListBox->value = "schematic"
\a cdsLibManager->viewLineEdit->value = "schematic"
\a cdsLibManager->viewListBox->value = nil
\a cdsLibManager->viewLineEdit->value = ""
\a cdsLibManager->viewListBox->value = "schematic"
\a cdsLibManager->viewLineEdit->value = "schematic"
\o MPS request: edit design
\a nrListItemAction(cdsLibManager->gdmXTView 0 0)
\a nrSetCurrentWindow(cdsLibManager)
\a cdsLibManager->viewListBox->value = "symbol"
\a cdsLibManager->viewLineEdit->value = "symbol"
\o MPS request: edit design
\a nrListItemAction(cdsLibManager->gdmXTView 9 0)
\a nrSetCurrentWindow(cdsLibManager)
\a nrSetCurrentWindow(cdsLibManager)
\a cdsLibManager->cellListBox->value = "8t_sram_array"
\a cdsLibManager->cellLineEdit->value = "8t_sram_array"
\a cdsLibManager->viewLineEdit->value = ""
\a cdsLibManager->viewListBox->value = nil
\a cdsLibManager->viewListBox->value = "schematic"
\a cdsLibManager->viewLineEdit->value = "schematic"
\o MPS request: edit design
\a nrListItemAction(cdsLibManager->gdmXTView 1 0)
\a nrSetCurrentWindow(cdsLibManager)
\a cdsLibManager->cellListBox->value = "sram_cell_8t_array"
\a cdsLibManager->cellLineEdit->value = "sram_cell_8t_array"
\a cdsLibManager->viewLineEdit->value = ""
\a cdsLibManager->viewListBox->value = nil
\a cdsLibManager->viewListBox->value = "schematic"
\a cdsLibManager->viewLineEdit->value = "schematic"
\a cdsLibManager->viewListBox->value = "symbol"
\a cdsLibManager->viewLineEdit->value = "symbol"
\o MPS request: edit design
\a nrListItemAction(cdsLibManager->gdmXTView 9 0)
\a nrSetCurrentWindow(cdsLibManager)
\a nrSetCurrentWindow(cdsLibManager)
\a nrSetCurrentWindow(cdsLibManager)
\a nrSetCurrentWindow(cdsLibManager)
\a nrSetCurrentWindow(cdsLibManager)
\a nrSetCurrentWindow(cdsLibManager)
\a nrSetCurrentWindow(cdsLibManager)
\a nrSetCurrentWindow(cdsLibManager)
\a nrSetCurrentWindow(cdsLibManager)
\a nrSetCurrentWindow(cdsLibManager)
\a nrSetCurrentWindow(cdsLibManager)
\a nrSetCurrentWindow(cdsLibManager)
\a nrSetCurrentWindow(cdsLibManager)
\a nrSetCurrentWindow(cdsLibManager)
\a nrSetCurrentWindow(cdsLibManager)
\a nrSetCurrentWindow(cdsLibManager)
\a nrSetCurrentWindow(cdsLibManager)
\a nrSetCurrentWindow(cdsLibManager)
\o MPS service: shutdown
\o libManager is exiting.
\a exit(0)
